mode: set
github.com/AndresClavijoRo/greetings/greetings.go:9.41,10.16 1 1
github.com/AndresClavijoRo/greetings/greetings.go:10.16,12.3 1 1
github.com/AndresClavijoRo/greetings/greetings.go:14.2,15.21 2 1
github.com/AndresClavijoRo/greetings/greetings.go:18.56,20.29 2 1
github.com/AndresClavijoRo/greetings/greetings.go:20.29,22.17 2 1
github.com/AndresClavijoRo/greetings/greetings.go:22.17,24.4 1 1
github.com/AndresClavijoRo/greetings/greetings.go:26.3,26.27 1 1
github.com/AndresClavijoRo/greetings/greetings.go:28.2,28.22 1 1
github.com/AndresClavijoRo/greetings/greetings.go:31.28,41.2 2 1
